# Generated by Apache Directory Studio on April 3, 2017 12:32:06 PM

# SCHEMA "USER"
#!RESULT OK
#!CONNECTION ldap://localhost:10389
#!DATE 2017-04-04T08:07:18.386
dn: cn=user, ou=schema
objectclass: metaSchema
objectclass: top
cn: user
m-dependencies: core
m-dependencies: system

#!RESULT OK
#!CONNECTION ldap://localhost:10389
#!DATE 2017-04-04T08:07:18.393
dn: ou=attributetypes, cn=user, ou=schema
objectclass: organizationalUnit
objectclass: top
ou: attributetypes

#!RESULT OK
#!CONNECTION ldap://localhost:10389
#!DATE 2017-04-04T08:07:18.662
dn: m-oid=1.2.840.113556.1.8000.2554.9699.40356.24944.19015.42035.55275.4074
 7.49727, ou=attributetypes, cn=user, ou=schema
objectclass: metaAttributeType
objectclass: metaTop
objectclass: top
m-oid: 1.2.840.113556.1.8000.2554.9699.40356.24944.19015.42035.55275.40747.4
 9727
m-name: nationality
m-syntax: 1.3.6.1.4.1.1466.115.121.1.15
m-singleValue: TRUE

#!RESULT OK
#!CONNECTION ldap://localhost:10389
#!DATE 2017-04-04T08:07:18.693
dn: m-oid=1.2.840.113556.1.8000.2554.4182.1144.58544.18071.43738.17287.7769.
 4148, ou=attributetypes, cn=user, ou=schema
objectclass: metaAttributeType
objectclass: metaTop
objectclass: top
m-oid: 1.2.840.113556.1.8000.2554.4182.1144.58544.18071.43738.17287.7769.414
 8
m-name: dayOfBirth
m-name: DOB
m-description: user dob
m-syntax: 1.3.6.1.4.1.1466.115.121.1.15
m-singleValue: TRUE

#!RESULT OK
#!CONNECTION ldap://localhost:10389
#!DATE 2017-04-04T08:07:18.726
dn: m-oid=1.2.840.113556.1.8000.2554.1870.33124.25544.18597.35638.60168.1007
 9.3702, ou=attributetypes, cn=user, ou=schema
objectclass: metaAttributeType
objectclass: metaTop
objectclass: top
m-oid: 1.2.840.113556.1.8000.2554.1870.33124.25544.18597.35638.60168.10079.3
 702
m-name: isActive
m-syntax: 1.3.6.1.4.1.1466.115.121.1.15
m-singleValue: TRUE

#!RESULT OK
#!CONNECTION ldap://localhost:10389
#!DATE 2017-04-04T08:07:18.793
dn: m-oid=1.2.840.113556.1.8000.2554.61185.30151.57768.17366.43430.50519.580
 7.6170, ou=attributetypes, cn=user, ou=schema
objectclass: metaAttributeType
objectclass: metaTop
objectclass: top
m-oid: 1.2.840.113556.1.8000.2554.61185.30151.57768.17366.43430.50519.5807.6
 170
m-name: address
m-description: user address
m-syntax: 1.3.6.1.4.1.1466.115.121.1.15

#!RESULT OK
#!CONNECTION ldap://localhost:10389
#!DATE 2017-04-04T08:07:18.816
dn: m-oid=1.2.840.113556.1.8000.2554.44496.18160.62102.17220.38956.9844.2817
 6.30661, ou=attributetypes, cn=user, ou=schema
objectclass: metaAttributeType
objectclass: metaTop
objectclass: top
m-oid: 1.2.840.113556.1.8000.2554.44496.18160.62102.17220.38956.9844.28176.3
 0661
m-name: phoneNumber
m-syntax: 1.3.6.1.4.1.1466.115.121.1.50

#!RESULT OK
#!CONNECTION ldap://localhost:10389
#!DATE 2017-04-04T08:07:18.843
dn: m-oid=1.2.840.113556.1.8000.2554.24226.65024.62.18976.47790.54842.28928.
 28786, ou=attributetypes, cn=user, ou=schema
objectclass: metaAttributeType
objectclass: metaTop
objectclass: top
m-oid: 1.2.840.113556.1.8000.2554.24226.65024.62.18976.47790.54842.28928.287
 86
m-name: userSalutation
m-syntax: 1.3.6.1.4.1.1466.115.121.1.15
m-noUserModification: FALSE

#!RESULT OK
#!CONNECTION ldap://localhost:10389
#!DATE 2017-04-04T08:07:18.949
dn: m-oid=1.2.840.113556.1.8000.2554.52617.35551.35177.19845.39495.47392.882
 2.48955, ou=attributetypes, cn=user, ou=schema
objectclass: metaAttributeType
objectclass: metaTop
objectclass: top
m-oid: 1.2.840.113556.1.8000.2554.52617.35551.35177.19845.39495.47392.8822.4
 8955
m-name: agentCode
m-syntax: 1.3.6.1.4.1.1466.115.121.1.15
m-singleValue: TRUE

#!RESULT OK
#!CONNECTION ldap://localhost:10389
#!DATE 2017-04-04T08:07:18.982
dn: m-oid=1.2.840.113556.1.8000.2554.47060.20036.22746.18172.47123.7925.4526
 0.8342, ou=attributetypes, cn=user, ou=schema
objectclass: metaAttributeType
objectclass: metaTop
objectclass: top
m-oid: 1.2.840.113556.1.8000.2554.47060.20036.22746.18172.47123.7925.45260.8
 342
m-name: fullName
m-description: user full name
m-supAttributeType: name
m-singleValue: TRUE

#!RESULT OK
#!CONNECTION ldap://localhost:10389
#!DATE 2017-04-04T08:07:19.052
dn: m-oid=1.2.840.113556.1.8000.2554.17049.59919.43459.19545.41756.35052.294
 58.8477, ou=attributetypes, cn=user, ou=schema
objectclass: metaAttributeType
objectclass: metaTop
objectclass: top
m-oid: 1.2.840.113556.1.8000.2554.17049.59919.43459.19545.41756.35052.29458.
 8477
m-name: role
m-syntax: 1.3.6.1.4.1.1466.115.121.1.15

#!RESULT OK
#!CONNECTION ldap://localhost:10389
#!DATE 2017-04-04T08:07:19.094
dn: m-oid=1.2.840.113556.1.8000.2554.7653.2946.35427.17242.43998.25993.28541
 .37372, ou=attributetypes, cn=user, ou=schema
objectclass: metaAttributeType
objectclass: metaTop
objectclass: top
m-oid: 1.2.840.113556.1.8000.2554.7653.2946.35427.17242.43998.25993.28541.37
 372
m-name: idNumber
m-syntax: 1.3.6.1.4.1.1466.115.121.1.15
m-singleValue: TRUE

#!RESULT OK
#!CONNECTION ldap://localhost:10389
#!DATE 2017-04-04T08:07:19.121
dn: m-oid=1.2.840.113556.1.8000.2554.38611.18172.19192.19171.43925.33335.228
 05.30203, ou=attributetypes, cn=user, ou=schema
objectclass: metaAttributeType
objectclass: metaTop
objectclass: top
m-oid: 1.2.840.113556.1.8000.2554.38611.18172.19192.19171.43925.33335.22805.
 30203
m-name: occupation
m-syntax: 1.3.6.1.4.1.1466.115.121.1.15
m-singleValue: TRUE

#!RESULT OK
#!CONNECTION ldap://localhost:10389
#!DATE 2017-04-04T08:07:19.274
dn: m-oid=1.2.840.113556.1.8000.2554.11996.14999.50844.20034.43722.7250200.9
 760830, ou=attributetypes, cn=user, ou=schema
objectclass: metaAttributeType
objectclass: metaTop
objectclass: top
m-oid: 1.2.840.113556.1.8000.2554.11996.14999.50844.20034.43722.7250200.9760
 830
m-name: idType
m-syntax: 1.3.6.1.4.1.1466.115.121.1.15
m-singleValue: TRUE

#!RESULT OK
#!CONNECTION ldap://localhost:10389
#!DATE 2017-04-04T08:07:19.359
dn: m-oid=1.2.840.113556.1.8000.2554.33226.41594.35713.19124.39364.47541.273
 25.23013, ou=attributetypes, cn=user, ou=schema
objectclass: metaAttributeType
objectclass: metaTop
objectclass: top
m-oid: 1.2.840.113556.1.8000.2554.33226.41594.35713.19124.39364.47541.27325.
 23013
m-name: profileId
m-syntax: 1.3.6.1.4.1.1466.115.121.1.15
m-singleValue: TRUE

#!RESULT OK
#!CONNECTION ldap://localhost:10389
#!DATE 2017-04-04T08:07:19.417
dn: m-oid=1.2.840.113556.1.8000.2554.26646.20842.54378.16561.44403.29587.628
 6.6299, ou=attributetypes, cn=user, ou=schema
objectclass: metaAttributeType
objectclass: metaTop
objectclass: top
m-oid: 1.2.840.113556.1.8000.2554.26646.20842.54378.16561.44403.29587.6286.6
 299
m-name: marialStatus
m-syntax: 1.3.6.1.4.1.1466.115.121.1.15
m-singleValue: TRUE

#!RESULT OK
#!CONNECTION ldap://localhost:10389
#!DATE 2017-04-04T08:07:19.450
dn: m-oid=1.2.840.113556.1.8000.2554.1284.6023.769.19064.35575.46466.8415.53
 696, ou=attributetypes, cn=user, ou=schema
objectclass: metaAttributeType
objectclass: metaTop
objectclass: top
m-oid: 1.2.840.113556.1.8000.2554.1284.6023.769.19064.35575.46466.8415.53696
m-name: insurerId
m-syntax: 1.3.6.1.4.1.1466.115.121.1.15
m-singleValue: TRUE

#!RESULT OK
#!CONNECTION ldap://localhost:10389
#!DATE 2017-04-04T08:07:19.491
dn: m-oid=1.2.840.113556.1.8000.2554.43245.59552.23578.20159.38920.18134.350
 7.50283, ou=attributetypes, cn=user, ou=schema
objectclass: metaAttributeType
objectclass: metaTop
objectclass: top
m-oid: 1.2.840.113556.1.8000.2554.43245.59552.23578.20159.38920.18134.3507.5
 0283
m-name: roleName
m-syntax: 1.3.6.1.4.1.1466.115.121.1.15
m-singleValue: TRUE

#!RESULT OK
#!CONNECTION ldap://localhost:10389
#!DATE 2017-04-04T08:07:19.514
dn: m-oid=1.2.840.113556.1.8000.2554.613.21828.20984.20113.34547.37914.55146
 .14848, ou=attributetypes, cn=user, ou=schema
objectclass: metaAttributeType
objectclass: metaTop
objectclass: top
m-oid: 1.2.840.113556.1.8000.2554.613.21828.20984.20113.34547.37914.55146.14
 848
m-name: userName
m-syntax: 1.3.6.1.4.1.1466.115.121.1.15
m-singleValue: TRUE

#!RESULT OK
#!CONNECTION ldap://localhost:10389
#!DATE 2017-04-04T08:07:19.536
dn: m-oid=1.2.840.113556.1.8000.2554.23994.51267.1482.19555.42275.23338.5410
 8.109, ou=attributetypes, cn=user, ou=schema
objectclass: metaAttributeType
objectclass: metaTop
objectclass: top
m-oid: 1.2.840.113556.1.8000.2554.23994.51267.1482.19555.42275.23338.54108.1
 09
m-name: roleCode
m-syntax: 1.3.6.1.4.1.1466.115.121.1.15
m-singleValue: TRUE

#!RESULT OK
#!CONNECTION ldap://localhost:10389
#!DATE 2017-04-04T08:07:19.558
dn: m-oid=1.2.840.113556.1.8000.2554.47610.13613.62616.17102.46894.27804.692
 0.50957, ou=attributetypes, cn=user, ou=schema
objectclass: metaAttributeType
objectclass: metaTop
objectclass: top
m-oid: 1.2.840.113556.1.8000.2554.47610.13613.62616.17102.46894.27804.6920.5
 0957
m-name: permissionId
m-syntax: 1.3.6.1.4.1.1466.115.121.1.15
m-singleValue: TRUE

#!RESULT OK
#!CONNECTION ldap://localhost:10389
#!DATE 2017-04-04T08:07:19.582
dn: m-oid=1.2.840.113556.1.8000.2554.43310.57184.63583.19781.48375.2100.4221
 6.20229, ou=attributetypes, cn=user, ou=schema
objectclass: metaAttributeType
objectclass: metaTop
objectclass: top
m-oid: 1.2.840.113556.1.8000.2554.43310.57184.63583.19781.48375.2100.42216.2
 0229
m-name: userPass
m-syntax: 1.3.6.1.4.1.1466.115.121.1.40
m-singleValue: TRUE
m-noUserModification: FALSE

#!RESULT OK
#!CONNECTION ldap://localhost:10389
#!DATE 2017-04-04T08:07:19.603
dn: m-oid=1.2.840.113556.1.8000.2554.3674.33102.46007.17719.34767.44596.1678
 .8355, ou=attributetypes, cn=user, ou=schema
objectclass: metaAttributeType
objectclass: metaTop
objectclass: top
m-oid: 1.2.840.113556.1.8000.2554.3674.33102.46007.17719.34767.44596.1678.83
 55
m-name: gender
m-syntax: 1.3.6.1.4.1.1466.115.121.1.15
m-singleValue: TRUE

#!RESULT OK
#!CONNECTION ldap://localhost:10389
#!DATE 2017-04-04T08:07:19.642
dn: m-oid=1.2.840.113556.1.8000.2554.48110.28615.42515.17722.46090.10984.899
 4.44615, ou=attributetypes, cn=user, ou=schema
objectclass: metaAttributeType
objectclass: metaTop
objectclass: top
m-oid: 1.2.840.113556.1.8000.2554.48110.28615.42515.17722.46090.10984.8994.4
 4615
m-name: approverId
m-syntax: 1.3.6.1.4.1.1466.115.121.1.15

#!RESULT OK
#!CONNECTION ldap://localhost:10389
#!DATE 2017-04-04T08:07:19.661
dn: m-oid=1.2.840.113556.1.8000.2554.25938.50022.20516.18781.46160.3952705.9
 830837, ou=attributetypes, cn=user, ou=schema
objectclass: metaAttributeType
objectclass: metaTop
objectclass: top
m-oid: 1.2.840.113556.1.8000.2554.25938.50022.20516.18781.46160.3952705.9830
 837
m-name: additionalInfoId
m-syntax: 1.3.6.1.4.1.1466.115.121.1.15
m-singleValue: TRUE

#!RESULT OK
#!CONNECTION ldap://localhost:10389
#!DATE 2017-04-04T08:07:19.676
dn: ou=comparators, cn=user, ou=schema
objectclass: organizationalUnit
objectclass: top
ou: comparators

#!RESULT OK
#!CONNECTION ldap://localhost:10389
#!DATE 2017-04-04T08:07:19.681
dn: ou=ditcontentrules, cn=user, ou=schema
objectclass: organizationalUnit
objectclass: top
ou: ditcontentrules

#!RESULT OK
#!CONNECTION ldap://localhost:10389
#!DATE 2017-04-04T08:07:19.687
dn: ou=ditstructurerules, cn=user, ou=schema
objectclass: organizationalUnit
objectclass: top
ou: ditstructurerules

#!RESULT OK
#!CONNECTION ldap://localhost:10389
#!DATE 2017-04-04T08:07:19.701
dn: ou=matchingrules, cn=user, ou=schema
objectclass: organizationalUnit
objectclass: top
ou: matchingrules

#!RESULT OK
#!CONNECTION ldap://localhost:10389
#!DATE 2017-04-04T08:07:19.712
dn: ou=matchingruleuse, cn=user, ou=schema
objectclass: organizationalUnit
objectclass: top
ou: matchingruleuse

#!RESULT OK
#!CONNECTION ldap://localhost:10389
#!DATE 2017-04-04T08:07:19.721
dn: ou=nameforms, cn=user, ou=schema
objectclass: organizationalUnit
objectclass: top
ou: nameforms

#!RESULT OK
#!CONNECTION ldap://localhost:10389
#!DATE 2017-04-04T08:07:19.728
dn: ou=normalizers, cn=user, ou=schema
objectclass: organizationalUnit
objectclass: top
ou: normalizers

#!RESULT OK
#!CONNECTION ldap://localhost:10389
#!DATE 2017-04-04T08:07:19.735
dn: ou=objectclasses, cn=user, ou=schema
objectclass: organizationalUnit
objectclass: top
ou: objectClasses

#!RESULT OK
#!CONNECTION ldap://localhost:10389
#!DATE 2017-04-04T08:07:19.763
dn: m-oid=1.2.840.113556.1.8000.2554.46590.2690.16027.20328.33532.37318.3451
 4.31180, ou=objectclasses, cn=user, ou=schema
objectclass: metaObjectClass
objectclass: metaTop
objectclass: top
m-oid: 1.2.840.113556.1.8000.2554.46590.2690.16027.20328.33532.37318.34514.3
 1180
m-name: profile
m-description: user profile
m-must: cn
m-must: profileId
m-must: role

#!RESULT OK
#!CONNECTION ldap://localhost:10389
#!DATE 2017-04-04T08:07:19.811
dn: m-oid=1.2.840.113556.1.8000.2554.49585.64706.3432.20291.47217.64979.6403
 9.5569, ou=objectclasses, cn=user, ou=schema
objectclass: metaObjectClass
objectclass: metaTop
objectclass: top
m-oid: 1.2.840.113556.1.8000.2554.49585.64706.3432.20291.47217.64979.64039.5
 569
m-name: role
m-description: user role
m-must: cn
m-must: roleCode
m-may: roleName

#!RESULT OK
#!CONNECTION ldap://localhost:10389
#!DATE 2017-04-04T08:07:19.836
dn: m-oid=1.2.840.113556.1.8000.2554.51784.59184.57068.19319.40685.4895.4591
 8.38194, ou=objectclasses, cn=user, ou=schema
objectclass: metaObjectClass
objectclass: metaTop
objectclass: top
m-oid: 1.2.840.113556.1.8000.2554.51784.59184.57068.19319.40685.4895.45918.3
 8194
m-name: permission
m-description: user role permission
m-must: cn
m-must: permissionId

#!RESULT OK
#!CONNECTION ldap://localhost:10389
#!DATE 2017-04-04T08:07:19.871
dn: m-oid=1.2.840.113556.1.8000.2554.60626.60210.42850.16669.43623.43533.615
 40.21906, ou=objectclasses, cn=user, ou=schema
objectclass: metaObjectClass
objectclass: metaTop
objectclass: top
m-oid: 1.2.840.113556.1.8000.2554.60626.60210.42850.16669.43623.43533.61540.
 21906
m-name: insurerProfile
m-must: cn
m-must: insurerId
m-may: agentCode
m-may: name

#!RESULT OK
#!CONNECTION ldap://localhost:10389
#!DATE 2017-04-04T08:07:19.895
dn: m-oid=1.2.840.113556.1.8000.2554.63134.25384.13647.19882.33024.9703501.4
 433947, ou=objectclasses, cn=user, ou=schema
objectclass: metaObjectClass
objectclass: metaTop
objectclass: top
m-oid: 1.2.840.113556.1.8000.2554.63134.25384.13647.19882.33024.9703501.4433
 947
m-name: additionalInfo
m-must: cn
m-must: additionalInfoId

#!RESULT OK
#!CONNECTION ldap://localhost:10389
#!DATE 2017-04-04T08:07:19.937
dn: m-oid=1.2.840.113556.1.8000.2554.8144.34884.25609.20373.36692.50810.5409
 5.3051, ou=objectclasses, cn=user, ou=schema
objectclass: metaObjectClass
objectclass: metaTop
objectclass: top
m-oid: 1.2.840.113556.1.8000.2554.8144.34884.25609.20373.36692.50810.54095.3
 051
m-name: user
m-must: email
m-must: isActive
m-must: IdNumber
m-must: FullName
m-must: DOB
m-must: userPassword
m-must: phoneNumber
m-must: cn
m-must: userName
m-must: approverId
m-may: occupation
m-may: marialStatus
m-may: IdType
m-may: Address
m-may: Gender
m-may: Nationality

#!RESULT OK
#!CONNECTION ldap://localhost:10389
#!DATE 2017-04-04T08:07:19.943
dn: ou=syntaxcheckers, cn=user, ou=schema
objectclass: organizationalUnit
objectclass: top
ou: syntaxcheckers

#!RESULT OK
#!CONNECTION ldap://localhost:10389
#!DATE 2017-04-04T08:07:19.948
dn: ou=syntaxes, cn=user, ou=schema
objectclass: organizationalUnit
objectclass: top
ou: syntaxes

